
<xml>
<ToUserName><![CDATA[gh_3f83c040e6b7]]></ToUserName>
<FromUserName><![CDATA[obbcZwzFGIn4sRC_Ad1cdrh3BJdM]]></FromUserName>
<CreateTime>1578280967</CreateTime>
<MsgType><![CDATA[event]]></MsgType>
<Event><![CDATA[subscribe]]></Event>
<EventKey><![CDATA[]]></EventKey>
</xml>

<xml>
<ToUserName><![CDATA[gh_3f83c040e6b7]]></ToUserName>
<FromUserName><![CDATA[obbcZwzFGIn4sRC_Ad1cdrh3BJdM]]></FromUserName>
<CreateTime>1578280967</CreateTime>
<MsgType><![CDATA[event]]></MsgType>
<Event><![CDATA[subscribe]]></Event>
<EventKey><![CDATA[]]></EventKey>
</xml>

<xml>
<ToUserName><![CDATA[gh_3f83c040e6b7]]></ToUserName>
<FromUserName><![CDATA[obbcZwzFGIn4sRC_Ad1cdrh3BJdM]]></FromUserName>
<CreateTime>1578280967</CreateTime>
<MsgType><![CDATA[event]]></MsgType>
<Event><![CDATA[subscribe]]></Event>
<EventKey><![CDATA[]]></EventKey>
</xml>

<xml>
<ToUserName><![CDATA[gh_3f83c040e6b7]]></ToUserName>
<FromUserName><![CDATA[obbcZwzFGIn4sRC_Ad1cdrh3BJdM]]></FromUserName>
<CreateTime>1578280967</CreateTime>
<MsgType><![CDATA[event]]></MsgType>
<Event><![CDATA[subscribe]]></Event>
<EventKey><![CDATA[]]></EventKey>
</xml>

<xml>
<ToUserName><![CDATA[gh_3f83c040e6b7]]></ToUserName>
<FromUserName><![CDATA[obbcZwzFGIn4sRC_Ad1cdrh3BJdM]]></FromUserName>
<CreateTime>1578279574</CreateTime>
<MsgType><![CDATA[text]]></MsgType>
<Content><![CDATA[最新新闻]]></Content>
<MsgId>22595526906617616</MsgId>
</xml>

<xml>
<ToUserName><![CDATA[gh_3f83c040e6b7]]></ToUserName>
<FromUserName><![CDATA[obbcZwzFGIn4sRC_Ad1cdrh3BJdM]]></FromUserName>
<CreateTime>1578279574</CreateTime>
<MsgType><![CDATA[text]]></MsgType>
<Content><![CDATA[最新新闻]]></Content>
<MsgId>22595526906617616</MsgId>
</xml>

<xml>
<ToUserName><![CDATA[gh_3f83c040e6b7]]></ToUserName>
<FromUserName><![CDATA[obbcZwzFGIn4sRC_Ad1cdrh3BJdM]]></FromUserName>
<CreateTime>1578279574</CreateTime>
<MsgType><![CDATA[text]]></MsgType>
<Content><![CDATA[最新新闻]]></Content>
<MsgId>22595526906617616</MsgId>
</xml>

<xml>
<ToUserName><![CDATA[gh_3f83c040e6b7]]></ToUserName>
<FromUserName><![CDATA[obbcZwzFGIn4sRC_Ad1cdrh3BJdM]]></FromUserName>
<CreateTime>1578279574</CreateTime>
<MsgType><![CDATA[text]]></MsgType>
<Content><![CDATA[最新新闻]]></Content>
<MsgId>22595526906617616</MsgId>
</xml>

<xml>
<ToUserName><![CDATA[gh_3f83c040e6b7]]></ToUserName>
<FromUserName><![CDATA[obbcZwzFGIn4sRC_Ad1cdrh3BJdM]]></FromUserName>
<CreateTime>1578279574</CreateTime>
<MsgType><![CDATA[text]]></MsgType>
<Content><![CDATA[最新新闻]]></Content>
<MsgId>22595526906617616</MsgId>
</xml>

<xml>
<ToUserName><![CDATA[gh_3f83c040e6b7]]></ToUserName>
<FromUserName><![CDATA[obbcZwzFGIn4sRC_Ad1cdrh3BJdM]]></FromUserName>
<CreateTime>1578279574</CreateTime>
<MsgType><![CDATA[text]]></MsgType>
<Content><![CDATA[111]]></Content>
<MsgId>22595526906617616</MsgId>
</xml>

<xml>
<ToUserName><![CDATA[gh_3f83c040e6b7]]></ToUserName>
<FromUserName><![CDATA[obbcZwzFGIn4sRC_Ad1cdrh3BJdM]]></FromUserName>
<CreateTime>1578279574</CreateTime>
<MsgType><![CDATA[text]]></MsgType>
<Content><![CDATA[最新新闻]]></Content>
<MsgId>22595526906617616</MsgId>
</xml>

<xml>
<ToUserName><![CDATA[gh_3f83c040e6b7]]></ToUserName>
<FromUserName><![CDATA[obbcZwzFGIn4sRC_Ad1cdrh3BJdM]]></FromUserName>
<CreateTime>1578279574</CreateTime>
<MsgType><![CDATA[text]]></MsgType>
<Content><![CDATA[最新新闻]]></Content>
<MsgId>22595526906617616</MsgId>
</xml>

<xml>
<ToUserName><![CDATA[gh_3f83c040e6b7]]></ToUserName>
<FromUserName><![CDATA[obbcZwzFGIn4sRC_Ad1cdrh3BJdM]]></FromUserName>
<CreateTime>1578279574</CreateTime>
<MsgType><![CDATA[text]]></MsgType>
<Content><![CDATA[最新新闻]]></Content>
<MsgId>22595526906617616</MsgId>
</xml>

<xml>
<ToUserName><![CDATA[gh_3f83c040e6b7]]></ToUserName>
<FromUserName><![CDATA[obbcZwzFGIn4sRC_Ad1cdrh3BJdM]]></FromUserName>
<CreateTime>1578279574</CreateTime>
<MsgType><![CDATA[text]]></MsgType>
<Content><![CDATA[最新新闻]]></Content>
<MsgId>22595526906617616</MsgId>
</xml>

<xml>
<ToUserName><![CDATA[gh_3f83c040e6b7]]></ToUserName>
<FromUserName><![CDATA[obbcZwzFGIn4sRC_Ad1cdrh3BJdM]]></FromUserName>
<CreateTime>1578279574</CreateTime>
<MsgType><![CDATA[text]]></MsgType>
<Content><![CDATA[最新新闻]]></Content>
<MsgId>22595526906617616</MsgId>
</xml>

<xml>
<ToUserName><![CDATA[gh_3f83c040e6b7]]></ToUserName>
<FromUserName><![CDATA[obbcZwzFGIn4sRC_Ad1cdrh3BJdM]]></FromUserName>
<CreateTime>1578279574</CreateTime>
<MsgType><![CDATA[text]]></MsgType>
<Content><![CDATA[最新新闻]]></Content>
<MsgId>22595526906617616</MsgId>
</xml>

<xml>
<ToUserName><![CDATA[gh_3f83c040e6b7]]></ToUserName>
<FromUserName><![CDATA[obbcZwzFGIn4sRC_Ad1cdrh3BJdM]]></FromUserName>
<CreateTime>1578279574</CreateTime>
<MsgType><![CDATA[text]]></MsgType>
<Content><![CDATA[最新新闻]]></Content>
<MsgId>22595526906617616</MsgId>
</xml>

<xml>
<ToUserName><![CDATA[gh_3f83c040e6b7]]></ToUserName>
<FromUserName><![CDATA[obbcZwzFGIn4sRC_Ad1cdrh3BJdM]]></FromUserName>
<CreateTime>1578279574</CreateTime>
<MsgType><![CDATA[text]]></MsgType>
<Content><![CDATA[最新新闻]]></Content>
<MsgId>22595526906617616</MsgId>
</xml>

<xml>
<ToUserName><![CDATA[gh_3f83c040e6b7]]></ToUserName>
<FromUserName><![CDATA[obbcZwzFGIn4sRC_Ad1cdrh3BJdM]]></FromUserName>
<CreateTime>1578279574</CreateTime>
<MsgType><![CDATA[text]]></MsgType>
<Content><![CDATA[最新新闻]]></Content>
<MsgId>22595526906617616</MsgId>
</xml>

<xml>
<ToUserName><![CDATA[gh_3f83c040e6b7]]></ToUserName>
<FromUserName><![CDATA[obbcZwzFGIn4sRC_Ad1cdrh3BJdM]]></FromUserName>
<CreateTime>1578279574</CreateTime>
<MsgType><![CDATA[text]]></MsgType>
<Content><![CDATA[最新新闻]]></Content>
<MsgId>22595526906617616</MsgId>
</xml>

<xml>
<ToUserName><![CDATA[gh_3f83c040e6b7]]></ToUserName>
<FromUserName><![CDATA[obbcZwzFGIn4sRC_Ad1cdrh3BJdM]]></FromUserName>
<CreateTime>1578279574</CreateTime>
<MsgType><![CDATA[text]]></MsgType>
<Content><![CDATA[最新新闻]]></Content>
<MsgId>22595526906617616</MsgId>
</xml>

<xml>
<ToUserName><![CDATA[gh_3f83c040e6b7]]></ToUserName>
<FromUserName><![CDATA[obbcZwzFGIn4sRC_Ad1cdrh3BJdM]]></FromUserName>
<CreateTime>1578279574</CreateTime>
<MsgType><![CDATA[text]]></MsgType>
<Content><![CDATA[最新新闻]]></Content>
<MsgId>22595526906617616</MsgId>
</xml>

<xml>
<ToUserName><![CDATA[gh_3f83c040e6b7]]></ToUserName>
<FromUserName><![CDATA[obbcZwzFGIn4sRC_Ad1cdrh3BJdM]]></FromUserName>
<CreateTime>1578279574</CreateTime>
<MsgType><![CDATA[text]]></MsgType>
<Content><![CDATA[最新新闻]]></Content>
<MsgId>22595526906617616</MsgId>
</xml>

<xml>
<ToUserName><![CDATA[gh_3f83c040e6b7]]></ToUserName>
<FromUserName><![CDATA[obbcZwzFGIn4sRC_Ad1cdrh3BJdM]]></FromUserName>
<CreateTime>1578279574</CreateTime>
<MsgType><![CDATA[text]]></MsgType>
<Content><![CDATA[最新新闻]]></Content>
<MsgId>22595526906617616</MsgId>
</xml>

<xml>
<ToUserName><![CDATA[gh_3f83c040e6b7]]></ToUserName>
<FromUserName><![CDATA[obbcZwzFGIn4sRC_Ad1cdrh3BJdM]]></FromUserName>
<CreateTime>1578279574</CreateTime>
<MsgType><![CDATA[text]]></MsgType>
<Content><![CDATA[最新新闻]]></Content>
<MsgId>22595526906617616</MsgId>
</xml>

<xml>
<ToUserName><![CDATA[gh_3f83c040e6b7]]></ToUserName>
<FromUserName><![CDATA[obbcZwzFGIn4sRC_Ad1cdrh3BJdM]]></FromUserName>
<CreateTime>1578279574</CreateTime>
<MsgType><![CDATA[text]]></MsgType>
<Content><![CDATA[最新新闻]]></Content>
<MsgId>22595526906617616</MsgId>
</xml>

<xml>
<ToUserName><![CDATA[gh_3f83c040e6b7]]></ToUserName>
<FromUserName><![CDATA[obbcZwzFGIn4sRC_Ad1cdrh3BJdM]]></FromUserName>
<CreateTime>1578279574</CreateTime>
<MsgType><![CDATA[text]]></MsgType>
<Content><![CDATA[最新新闻]]></Content>
<MsgId>22595526906617616</MsgId>
</xml>

<xml>
<ToUserName><![CDATA[gh_3f83c040e6b7]]></ToUserName>
<FromUserName><![CDATA[obbcZwzFGIn4sRC_Ad1cdrh3BJdM]]></FromUserName>
<CreateTime>1578279574</CreateTime>
<MsgType><![CDATA[text]]></MsgType>
<Content><![CDATA[最新新闻]]></Content>
<MsgId>22595526906617616</MsgId>
</xml>

<xml>
<ToUserName><![CDATA[gh_3f83c040e6b7]]></ToUserName>
<FromUserName><![CDATA[obbcZwzFGIn4sRC_Ad1cdrh3BJdM]]></FromUserName>
<CreateTime>1578279574</CreateTime>
<MsgType><![CDATA[text]]></MsgType>
<Content><![CDATA[最新新闻]]></Content>
<MsgId>22595526906617616</MsgId>
</xml>

<xml>
<ToUserName><![CDATA[gh_3f83c040e6b7]]></ToUserName>
<FromUserName><![CDATA[obbcZwzFGIn4sRC_Ad1cdrh3BJdM]]></FromUserName>
<CreateTime>1578279574</CreateTime>
<MsgType><![CDATA[text]]></MsgType>
<Content><![CDATA[最新新闻]]></Content>
<MsgId>22595526906617616</MsgId>
</xml>

<xml>
<ToUserName><![CDATA[gh_3f83c040e6b7]]></ToUserName>
<FromUserName><![CDATA[obbcZwzFGIn4sRC_Ad1cdrh3BJdM]]></FromUserName>
<CreateTime>1578279574</CreateTime>
<MsgType><![CDATA[text]]></MsgType>
<Content><![CDATA[最新新闻]]></Content>
<MsgId>22595526906617616</MsgId>
</xml>

<xml>
<ToUserName><![CDATA[gh_3f83c040e6b7]]></ToUserName>
<FromUserName><![CDATA[obbcZwzFGIn4sRC_Ad1cdrh3BJdM]]></FromUserName>
<CreateTime>1578279574</CreateTime>
<MsgType><![CDATA[text]]></MsgType>
<Content><![CDATA[最新新闻]]></Content>
<MsgId>22595526906617616</MsgId>
</xml>

<xml>
<ToUserName><![CDATA[gh_3f83c040e6b7]]></ToUserName>
<FromUserName><![CDATA[obbcZwzFGIn4sRC_Ad1cdrh3BJdM]]></FromUserName>
<CreateTime>1578279574</CreateTime>
<MsgType><![CDATA[text]]></MsgType>
<Content><![CDATA[最新新闻]]></Content>
<MsgId>22595526906617616</MsgId>
</xml>

<xml>
<ToUserName><![CDATA[gh_3f83c040e6b7]]></ToUserName>
<FromUserName><![CDATA[obbcZwzFGIn4sRC_Ad1cdrh3BJdM]]></FromUserName>
<CreateTime>1578279574</CreateTime>
<MsgType><![CDATA[text]]></MsgType>
<Content><![CDATA[新闻+吗]]></Content>
<MsgId>22595526906617616</MsgId>
</xml>

<xml>
<ToUserName><![CDATA[gh_3f83c040e6b7]]></ToUserName>
<FromUserName><![CDATA[obbcZwzFGIn4sRC_Ad1cdrh3BJdM]]></FromUserName>
<CreateTime>1578279574</CreateTime>
<MsgType><![CDATA[text]]></MsgType>
<Content><![CDATA[新闻+吗]]></Content>
<MsgId>22595526906617616</MsgId>
</xml>

<xml>
<ToUserName><![CDATA[gh_3f83c040e6b7]]></ToUserName>
<FromUserName><![CDATA[obbcZwzFGIn4sRC_Ad1cdrh3BJdM]]></FromUserName>
<CreateTime>1578279574</CreateTime>
<MsgType><![CDATA[text]]></MsgType>
<Content><![CDATA[新闻+肖]]></Content>
<MsgId>22595526906617616</MsgId>
</xml>

<xml>
<ToUserName><![CDATA[gh_3f83c040e6b7]]></ToUserName>
<FromUserName><![CDATA[obbcZwzFGIn4sRC_Ad1cdrh3BJdM]]></FromUserName>
<CreateTime>1578279574</CreateTime>
<MsgType><![CDATA[text]]></MsgType>
<Content><![CDATA[新闻肖战]]></Content>
<MsgId>22595526906617616</MsgId>
</xml>

<xml>
<ToUserName><![CDATA[gh_3f83c040e6b7]]></ToUserName>
<FromUserName><![CDATA[obbcZwzFGIn4sRC_Ad1cdrh3BJdM]]></FromUserName>
<CreateTime>1578279574</CreateTime>
<MsgType><![CDATA[text]]></MsgType>
<Content><![CDATA[新闻+肖战]]></Content>
<MsgId>22595526906617616</MsgId>
</xml>

<xml>
<ToUserName><![CDATA[gh_3f83c040e6b7]]></ToUserName>
<FromUserName><![CDATA[obbcZwzFGIn4sRC_Ad1cdrh3BJdM]]></FromUserName>
<CreateTime>1578279574</CreateTime>
<MsgType><![CDATA[text]]></MsgType>
<Content><![CDATA[新闻+肖战]]></Content>
<MsgId>22595526906617616</MsgId>
</xml>

<xml>
<ToUserName><![CDATA[gh_3f83c040e6b7]]></ToUserName>
<FromUserName><![CDATA[obbcZwzFGIn4sRC_Ad1cdrh3BJdM]]></FromUserName>
<CreateTime>1578279574</CreateTime>
<MsgType><![CDATA[text]]></MsgType>
<Content><![CDATA[新闻+肖战]]></Content>
<MsgId>22595526906617616</MsgId>
</xml>

<xml>
<ToUserName><![CDATA[gh_3f83c040e6b7]]></ToUserName>
<FromUserName><![CDATA[obbcZwzFGIn4sRC_Ad1cdrh3BJdM]]></FromUserName>
<CreateTime>1578279574</CreateTime>
<MsgType><![CDATA[text]]></MsgType>
<Content><![CDATA[新闻+肖战]]></Content>
<MsgId>22595526906617616</MsgId>
</xml>

<xml>
<ToUserName><![CDATA[gh_3f83c040e6b7]]></ToUserName>
<FromUserName><![CDATA[obbcZwzFGIn4sRC_Ad1cdrh3BJdM]]></FromUserName>
<CreateTime>1578279574</CreateTime>
<MsgType><![CDATA[text]]></MsgType>
<Content><![CDATA[新闻+陈情令]]></Content>
<MsgId>22595526906617616</MsgId>
</xml>

<xml>
<ToUserName><![CDATA[gh_3f83c040e6b7]]></ToUserName>
<FromUserName><![CDATA[obbcZwzFGIn4sRC_Ad1cdrh3BJdM]]></FromUserName>
<CreateTime>1578279574</CreateTime>
<MsgType><![CDATA[text]]></MsgType>
<Content><![CDATA[新闻+陈情令]]></Content>
<MsgId>22595526906617616</MsgId>
</xml>

<xml>
<ToUserName><![CDATA[gh_3f83c040e6b7]]></ToUserName>
<FromUserName><![CDATA[obbcZwzFGIn4sRC_Ad1cdrh3BJdM]]></FromUserName>
<CreateTime>1578279574</CreateTime>
<MsgType><![CDATA[text]]></MsgType>
<Content><![CDATA[新闻+陈情令]]></Content>
<MsgId>22595526906617616</MsgId>
</xml>

<xml>
<ToUserName><![CDATA[gh_3f83c040e6b7]]></ToUserName>
<FromUserName><![CDATA[obbcZwzFGIn4sRC_Ad1cdrh3BJdM]]></FromUserName>
<CreateTime>1578279574</CreateTime>
<MsgType><![CDATA[text]]></MsgType>
<Content><![CDATA[新闻+陈情令]]></Content>
<MsgId>22595526906617616</MsgId>
</xml>

<xml>
<ToUserName><![CDATA[gh_3f83c040e6b7]]></ToUserName>
<FromUserName><![CDATA[obbcZwzFGIn4sRC_Ad1cdrh3BJdM]]></FromUserName>
<CreateTime>1578279574</CreateTime>
<MsgType><![CDATA[text]]></MsgType>
<Content><![CDATA[新闻+陈情令]]></Content>
<MsgId>22595526906617616</MsgId>
</xml>

<xml>
<ToUserName><![CDATA[gh_3f83c040e6b7]]></ToUserName>
<FromUserName><![CDATA[obbcZwzFGIn4sRC_Ad1cdrh3BJdM]]></FromUserName>
<CreateTime>1578279574</CreateTime>
<MsgType><![CDATA[text]]></MsgType>
<Content><![CDATA[新闻+陈情令]]></Content>
<MsgId>22595526906617616</MsgId>
</xml>

<xml>
<ToUserName><![CDATA[gh_3f83c040e6b7]]></ToUserName>
<FromUserName><![CDATA[obbcZwzFGIn4sRC_Ad1cdrh3BJdM]]></FromUserName>
<CreateTime>1578279574</CreateTime>
<MsgType><![CDATA[text]]></MsgType>
<Content><![CDATA[新闻+陈情令]]></Content>
<MsgId>22595526906617616</MsgId>
</xml>

<xml>
<ToUserName><![CDATA[gh_3f83c040e6b7]]></ToUserName>
<FromUserName><![CDATA[obbcZwzFGIn4sRC_Ad1cdrh3BJdM]]></FromUserName>
<CreateTime>1578279574</CreateTime>
<MsgType><![CDATA[text]]></MsgType>
<Content><![CDATA[新闻+肖战]]></Content>
<MsgId>22595526906617616</MsgId>
</xml>

<xml>
<ToUserName><![CDATA[gh_3f83c040e6b7]]></ToUserName>
<FromUserName><![CDATA[obbcZwzFGIn4sRC_Ad1cdrh3BJdM]]></FromUserName>
<CreateTime>1578279574</CreateTime>
<MsgType><![CDATA[text]]></MsgType>
<Content><![CDATA[新闻+肖战]]></Content>
<MsgId>22595526906617616</MsgId>
</xml>

<xml>
<ToUserName><![CDATA[gh_3f83c040e6b7]]></ToUserName>
<FromUserName><![CDATA[obbcZwzFGIn4sRC_Ad1cdrh3BJdM]]></FromUserName>
<CreateTime>1578279574</CreateTime>
<MsgType><![CDATA[text]]></MsgType>
<Content><![CDATA[新闻+肖战]]></Content>
<MsgId>22595526906617616</MsgId>
</xml>

<xml>
<ToUserName><![CDATA[gh_3f83c040e6b7]]></ToUserName>
<FromUserName><![CDATA[obbcZwzFGIn4sRC_Ad1cdrh3BJdM]]></FromUserName>
<CreateTime>1578279574</CreateTime>
<MsgType><![CDATA[text]]></MsgType>
<Content><![CDATA[新闻+肖战]]></Content>
<MsgId>22595526906617616</MsgId>
</xml>

<xml>
<ToUserName><![CDATA[gh_3f83c040e6b7]]></ToUserName>
<FromUserName><![CDATA[obbcZwzFGIn4sRC_Ad1cdrh3BJdM]]></FromUserName>
<CreateTime>1578279574</CreateTime>
<MsgType><![CDATA[text]]></MsgType>
<Content><![CDATA[新闻+肖战]]></Content>
<MsgId>22595526906617616</MsgId>
</xml>

<xml>
<ToUserName><![CDATA[gh_3f83c040e6b7]]></ToUserName>
<FromUserName><![CDATA[obbcZwzFGIn4sRC_Ad1cdrh3BJdM]]></FromUserName>
<CreateTime>1578279574</CreateTime>
<MsgType><![CDATA[text]]></MsgType>
<Content><![CDATA[新闻+肖战]]></Content>
<MsgId>22595526906617616</MsgId>
</xml>

<xml>
<ToUserName><![CDATA[gh_3f83c040e6b7]]></ToUserName>
<FromUserName><![CDATA[obbcZwzFGIn4sRC_Ad1cdrh3BJdM]]></FromUserName>
<CreateTime>1578279574</CreateTime>
<MsgType><![CDATA[text]]></MsgType>
<Content><![CDATA[新闻+陈情令]]></Content>
<MsgId>22595526906617616</MsgId>
</xml>

<xml>
<ToUserName><![CDATA[gh_3f83c040e6b7]]></ToUserName>
<FromUserName><![CDATA[obbcZwzFGIn4sRC_Ad1cdrh3BJdM]]></FromUserName>
<CreateTime>1578279574</CreateTime>
<MsgType><![CDATA[text]]></MsgType>
<Content><![CDATA[新闻+陈情令]]></Content>
<MsgId>22595526906617616</MsgId>
</xml>

<xml>
<ToUserName><![CDATA[gh_3f83c040e6b7]]></ToUserName>
<FromUserName><![CDATA[obbcZwzFGIn4sRC_Ad1cdrh3BJdM]]></FromUserName>
<CreateTime>1578279574</CreateTime>
<MsgType><![CDATA[text]]></MsgType>
<Content><![CDATA[新闻+陈情令]]></Content>
<MsgId>22595526906617616</MsgId>
</xml>

<xml>
<ToUserName><![CDATA[gh_3f83c040e6b7]]></ToUserName>
<FromUserName><![CDATA[obbcZwzFGIn4sRC_Ad1cdrh3BJdM]]></FromUserName>
<CreateTime>1578279574</CreateTime>
<MsgType><![CDATA[text]]></MsgType>
<Content><![CDATA[新闻+陈情令]]></Content>
<MsgId>22595526906617616</MsgId>
</xml>

<xml>
<ToUserName><![CDATA[gh_3f83c040e6b7]]></ToUserName>
<FromUserName><![CDATA[obbcZwzFGIn4sRC_Ad1cdrh3BJdM]]></FromUserName>
<CreateTime>1578279574</CreateTime>
<MsgType><![CDATA[text]]></MsgType>
<Content><![CDATA[新闻陈情令]]></Content>
<MsgId>22595526906617616</MsgId>
</xml>

<xml>
<ToUserName><![CDATA[gh_3f83c040e6b7]]></ToUserName>
<FromUserName><![CDATA[obbcZwzFGIn4sRC_Ad1cdrh3BJdM]]></FromUserName>
<CreateTime>1578279574</CreateTime>
<MsgType><![CDATA[text]]></MsgType>
<Content><![CDATA[新闻陈情令]]></Content>
<MsgId>22595526906617616</MsgId>
</xml>

<xml>
<ToUserName><![CDATA[gh_3f83c040e6b7]]></ToUserName>
<FromUserName><![CDATA[obbcZwzFGIn4sRC_Ad1cdrh3BJdM]]></FromUserName>
<CreateTime>1578279574</CreateTime>
<MsgType><![CDATA[text]]></MsgType>
<Content><![CDATA[新闻陈情令]]></Content>
<MsgId>22595526906617616</MsgId>
</xml>

<xml>
<ToUserName><![CDATA[gh_3f83c040e6b7]]></ToUserName>
<FromUserName><![CDATA[obbcZwzFGIn4sRC_Ad1cdrh3BJdM]]></FromUserName>
<CreateTime>1578279574</CreateTime>
<MsgType><![CDATA[text]]></MsgType>
<Content><![CDATA[新闻陈情令]]></Content>
<MsgId>22595526906617616</MsgId>
</xml>

<xml>
<ToUserName><![CDATA[gh_3f83c040e6b7]]></ToUserName>
<FromUserName><![CDATA[obbcZwzFGIn4sRC_Ad1cdrh3BJdM]]></FromUserName>
<CreateTime>1578279574</CreateTime>
<MsgType><![CDATA[text]]></MsgType>
<Content><![CDATA[新闻+陈情令]]></Content>
<MsgId>22595526906617616</MsgId>
</xml>

<xml>
<ToUserName><![CDATA[gh_3f83c040e6b7]]></ToUserName>
<FromUserName><![CDATA[obbcZwzFGIn4sRC_Ad1cdrh3BJdM]]></FromUserName>
<CreateTime>1578279574</CreateTime>
<MsgType><![CDATA[text]]></MsgType>
<Content><![CDATA[新闻+陈情令]]></Content>
<MsgId>22595526906617616</MsgId>
</xml>

<xml>
<ToUserName><![CDATA[gh_3f83c040e6b7]]></ToUserName>
<FromUserName><![CDATA[obbcZwzFGIn4sRC_Ad1cdrh3BJdM]]></FromUserName>
<CreateTime>1578279574</CreateTime>
<MsgType><![CDATA[text]]></MsgType>
<Content><![CDATA[新闻+提高]]></Content>
<MsgId>22595526906617616</MsgId>
</xml>

<xml>
<ToUserName><![CDATA[gh_3f83c040e6b7]]></ToUserName>
<FromUserName><![CDATA[obbcZwzFGIn4sRC_Ad1cdrh3BJdM]]></FromUserName>
<CreateTime>1578279574</CreateTime>
<MsgType><![CDATA[text]]></MsgType>
<Content><![CDATA[新闻+提高]]></Content>
<MsgId>22595526906617616</MsgId>
</xml>

<xml>
<ToUserName><![CDATA[gh_3f83c040e6b7]]></ToUserName>
<FromUserName><![CDATA[obbcZwzFGIn4sRC_Ad1cdrh3BJdM]]></FromUserName>
<CreateTime>1578279574</CreateTime>
<MsgType><![CDATA[text]]></MsgType>
<Content><![CDATA[新闻+提高]]></Content>
<MsgId>22595526906617616</MsgId>
</xml>

<xml>
<ToUserName><![CDATA[gh_3f83c040e6b7]]></ToUserName>
<FromUserName><![CDATA[obbcZwzFGIn4sRC_Ad1cdrh3BJdM]]></FromUserName>
<CreateTime>1578279574</CreateTime>
<MsgType><![CDATA[text]]></MsgType>
<Content><![CDATA[新闻+提高]]></Content>
<MsgId>22595526906617616</MsgId>
</xml>

<xml>
<ToUserName><![CDATA[gh_3f83c040e6b7]]></ToUserName>
<FromUserName><![CDATA[obbcZwzFGIn4sRC_Ad1cdrh3BJdM]]></FromUserName>
<CreateTime>1578279574</CreateTime>
<MsgType><![CDATA[text]]></MsgType>
<Content><![CDATA[新闻+提高]]></Content>
<MsgId>22595526906617616</MsgId>
</xml>

<xml>
<ToUserName><![CDATA[gh_3f83c040e6b7]]></ToUserName>
<FromUserName><![CDATA[obbcZwzFGIn4sRC_Ad1cdrh3BJdM]]></FromUserName>
<CreateTime>1578279574</CreateTime>
<MsgType><![CDATA[text]]></MsgType>
<Content><![CDATA[新闻+提高]]></Content>
<MsgId>22595526906617616</MsgId>
</xml>

<xml>
<ToUserName><![CDATA[gh_3f83c040e6b7]]></ToUserName>
<FromUserName><![CDATA[obbcZwzFGIn4sRC_Ad1cdrh3BJdM]]></FromUserName>
<CreateTime>1578279574</CreateTime>
<MsgType><![CDATA[text]]></MsgType>
<Content><![CDATA[新闻+提高]]></Content>
<MsgId>22595526906617616</MsgId>
</xml>

<xml>
<ToUserName><![CDATA[gh_3f83c040e6b7]]></ToUserName>
<FromUserName><![CDATA[obbcZwzFGIn4sRC_Ad1cdrh3BJdM]]></FromUserName>
<CreateTime>1578279574</CreateTime>
<MsgType><![CDATA[text]]></MsgType>
<Content><![CDATA[新闻+提高]]></Content>
<MsgId>22595526906617616</MsgId>
</xml>

<xml>
<ToUserName><![CDATA[gh_3f83c040e6b7]]></ToUserName>
<FromUserName><![CDATA[obbcZwzFGIn4sRC_Ad1cdrh3BJdM]]></FromUserName>
<CreateTime>1578279574</CreateTime>
<MsgType><![CDATA[text]]></MsgType>
<Content><![CDATA[新闻+提高]]></Content>
<MsgId>22595526906617616</MsgId>
</xml>

<xml>
<ToUserName><![CDATA[gh_3f83c040e6b7]]></ToUserName>
<FromUserName><![CDATA[obbcZwzFGIn4sRC_Ad1cdrh3BJdM]]></FromUserName>
<CreateTime>1578279574</CreateTime>
<MsgType><![CDATA[text]]></MsgType>
<Content><![CDATA[新闻+提高]]></Content>
<MsgId>22595526906617616</MsgId>
</xml>

<xml>
<ToUserName><![CDATA[gh_3f83c040e6b7]]></ToUserName>
<FromUserName><![CDATA[obbcZwzFGIn4sRC_Ad1cdrh3BJdM]]></FromUserName>
<CreateTime>1578279574</CreateTime>
<MsgType><![CDATA[text]]></MsgType>
<Content><![CDATA[新闻+提高]]></Content>
<MsgId>22595526906617616</MsgId>
</xml>

<xml>
<ToUserName><![CDATA[gh_3f83c040e6b7]]></ToUserName>
<FromUserName><![CDATA[obbcZwzFGIn4sRC_Ad1cdrh3BJdM]]></FromUserName>
<CreateTime>1578279574</CreateTime>
<MsgType><![CDATA[text]]></MsgType>
<Content><![CDATA[新闻+提高]]></Content>
<MsgId>22595526906617616</MsgId>
</xml>

<xml>
<ToUserName><![CDATA[gh_3f83c040e6b7]]></ToUserName>
<FromUserName><![CDATA[obbcZwzFGIn4sRC_Ad1cdrh3BJdM]]></FromUserName>
<CreateTime>1578279574</CreateTime>
<MsgType><![CDATA[text]]></MsgType>
<Content><![CDATA[新闻+提高]]></Content>
<MsgId>22595526906617616</MsgId>
</xml>

<xml>
<ToUserName><![CDATA[gh_3f83c040e6b7]]></ToUserName>
<FromUserName><![CDATA[obbcZwzFGIn4sRC_Ad1cdrh3BJdM]]></FromUserName>
<CreateTime>1578279574</CreateTime>
<MsgType><![CDATA[text]]></MsgType>
<Content><![CDATA[新闻+提高]]></Content>
<MsgId>22595526906617616</MsgId>
</xml>

<xml>
<ToUserName><![CDATA[gh_3f83c040e6b7]]></ToUserName>
<FromUserName><![CDATA[obbcZwzFGIn4sRC_Ad1cdrh3BJdM]]></FromUserName>
<CreateTime>1578279574</CreateTime>
<MsgType><![CDATA[text]]></MsgType>
<Content><![CDATA[新闻+啦啦啦啦啊啦啦啦啦]]></Content>
<MsgId>22595526906617616</MsgId>
</xml>

<xml>
<ToUserName><![CDATA[gh_3f83c040e6b7]]></ToUserName>
<FromUserName><![CDATA[obbcZwzFGIn4sRC_Ad1cdrh3BJdM]]></FromUserName>
<CreateTime>1578279574</CreateTime>
<MsgType><![CDATA[text]]></MsgType>
<Content><![CDATA[新闻+啦啦啦啦啊啦啦啦啦]]></Content>
<MsgId>22595526906617616</MsgId>
</xml>




